2016-03-14 19:48:34  [ main:10374 ] - [ ERROR ]  数据库操作异常
java.sql.SQLException: execute called on closed connection.
	at org.neo4j.jdbc.Neo4jConnection.checkClosed(Neo4jConnection.java:260)
	at org.neo4j.jdbc.Neo4jConnection.executeQuery(Neo4jConnection.java:246)
	at org.neo4j.jdbc.Neo4jPreparedStatement.executeQuery(Neo4jPreparedStatement.java:48)
	at com.neo4j.connection.NeoConnection.queryList(NeoConnection.java:156)
	at com.neo4j.dao.ExpressSchemaDao.getAllExpressSchema(ExpressSchemaDao.java:28)
	at com.neo4j.dao.ExpressSchemaDao.main(ExpressSchemaDao.java:153)
2016-03-14 19:48:34  [ main:10382 ] - [ ERROR ]  关闭Connection失败
java.sql.SQLException: close called on closed connection.
	at org.neo4j.jdbc.Neo4jConnection.checkClosed(Neo4jConnection.java:260)
	at org.neo4j.jdbc.Neo4jConnection.close(Neo4jConnection.java:156)
	at com.neo4j.connection.NeoConnection.close(NeoConnection.java:120)
	at com.neo4j.connection.NeoConnection.logout(NeoConnection.java:133)
	at com.neo4j.dao.BaseDao.logout(BaseDao.java:149)
	at com.neo4j.dao.ExpressSchemaDao.main(ExpressSchemaDao.java:155)
2016-03-14 19:52:44  [ main:6714 ] - [ ERROR ]  数据库操作异常
java.sql.SQLException: execute called on closed connection.
	at org.neo4j.jdbc.Neo4jConnection.checkClosed(Neo4jConnection.java:260)
	at org.neo4j.jdbc.Neo4jConnection.executeQuery(Neo4jConnection.java:246)
	at org.neo4j.jdbc.Neo4jPreparedStatement.executeQuery(Neo4jPreparedStatement.java:48)
	at com.neo4j.connection.NeoConnection.queryList(NeoConnection.java:156)
	at com.neo4j.dao.ExpressSchemaDao.getAllExpressSchema(ExpressSchemaDao.java:28)
	at com.neo4j.dao.ExpressSchemaDao.main(ExpressSchemaDao.java:154)
2016-03-14 19:52:44  [ main:6716 ] - [ ERROR ]  关闭Connection失败
java.sql.SQLException: close called on closed connection.
	at org.neo4j.jdbc.Neo4jConnection.checkClosed(Neo4jConnection.java:260)
	at org.neo4j.jdbc.Neo4jConnection.close(Neo4jConnection.java:156)
	at com.neo4j.connection.NeoConnection.close(NeoConnection.java:120)
	at com.neo4j.connection.NeoConnection.logout(NeoConnection.java:133)
	at com.neo4j.dao.BaseDao.logout(BaseDao.java:152)
	at com.neo4j.dao.ExpressSchemaDao.main(ExpressSchemaDao.java:156)
